<?xml version="1.0" encoding="UTF-8"?>
<testsuite name="com.nilecom.domain.PricingTest" tests="5" skipped="0" failures="0" errors="0" timestamp="2026-06-23T05:22:13" hostname="Eduardos-MacBook-Pro.local" time="0.002">
  <properties/>
  <testcase name="fifteenPercentFromTen()" classname="com.nilecom.domain.PricingTest" time="0.0"/>
  <testcase name="tenPercentFromFive()" classname="com.nilecom.domain.PricingTest" time="0.001"/>
  <testcase name="twentyPercentFromFifteen()" classname="com.nilecom.domain.PricingTest" time="0.0"/>
  <testcase name="taxIsSixPercent()" classname="com.nilecom.domain.PricingTest" time="0.0"/>
  <testcase name="noDiscountBelowFive()" classname="com.nilecom.domain.PricingTest" time="0.001"/>
  <system-out><![CDATA[]]></system-out>
  <system-err><![CDATA[]]></system-err>
</testsuite>
