<?xml version="1.0" encoding="UTF-8"?>
<testsuite name="com.nilecom.domain.CartTest" tests="6" skipped="0" failures="0" errors="0" timestamp="2026-06-23T05:22:13" hostname="Eduardos-MacBook-Pro.local" time="0.009">
  <properties/>
  <testcase name="itemsViewIsUnmodifiable()" classname="com.nilecom.domain.CartTest" time="0.006"/>
  <testcase name="removeOutOfRangeIsSafe()" classname="com.nilecom.domain.CartTest" time="0.001"/>
  <testcase name="bulkLineEarnsDiscountFromQuantity()" classname="com.nilecom.domain.CartTest" time="0.001"/>
  <testcase name="capsAtMaxItems()" classname="com.nilecom.domain.CartTest" time="0.0"/>
  <testcase name="removeByIndex()" classname="com.nilecom.domain.CartTest" time="0.0"/>
  <testcase name="subtotalTaxTotalAndSaved()" classname="com.nilecom.domain.CartTest" time="0.0"/>
  <system-out><![CDATA[]]></system-out>
  <system-err><![CDATA[]]></system-err>
</testsuite>
