<?xml version="1.0" encoding="UTF-8"?>
<testsuite name="com.nilecom.persistence.SqliteRepositoryTest" tests="6" skipped="0" failures="0" errors="0" timestamp="2026-06-23T05:22:13" hostname="Eduardos-MacBook-Pro.local" time="0.201">
  <properties/>
  <testcase name="findByIdMissingIsEmpty()" classname="com.nilecom.persistence.SqliteRepositoryTest" time="0.195"/>
  <testcase name="saveAndReloadOrderRoundTrips()" classname="com.nilecom.persistence.SqliteRepositoryTest" time="0.002"/>
  <testcase name="findByIdReturnsSeededProduct()" classname="com.nilecom.persistence.SqliteRepositoryTest" time="0.0"/>
  <testcase name="seedIsIdempotent()" classname="com.nilecom.persistence.SqliteRepositoryTest" time="0.0"/>
  <testcase name="ordersReturnedMostRecentFirst()" classname="com.nilecom.persistence.SqliteRepositoryTest" time="0.001"/>
  <testcase name="findAllReturnsAllSeeded()" classname="com.nilecom.persistence.SqliteRepositoryTest" time="0.001"/>
  <system-out><![CDATA[]]></system-out>
  <system-err><![CDATA[]]></system-err>
</testsuite>
