<?xml version="1.0" encoding="UTF-8"?>
<testsuite name="com.nilecom.persistence.CsvInventoryImporterTest" tests="3" skipped="0" failures="0" errors="0" timestamp="2026-06-23T05:22:13" hostname="Eduardos-MacBook-Pro.local" time="0.004">
  <properties/>
  <testcase name="parsesQuotedCsvRows()" classname="com.nilecom.persistence.CsvInventoryImporterTest" time="0.001"/>
  <testcase name="skipsBlankAndMalformedRows()" classname="com.nilecom.persistence.CsvInventoryImporterTest" time="0.0"/>
  <testcase name="loadsBundledSeedFromClasspath()" classname="com.nilecom.persistence.CsvInventoryImporterTest" time="0.002"/>
  <system-out><![CDATA[]]></system-out>
  <system-err><![CDATA[]]></system-err>
</testsuite>
